1563881607420	geckodriver	INFO	geckodriver 0.21.0
1563881607605	geckodriver	INFO	Listening on 127.0.0.1:56003
1563881608480	mozrunner::runner	INFO	Running command: "/usr/bin/firefox" "-marionette" "-foreground" "-no-remote" "-profile" "/tmp/rust_mozprofile.oi84FDVffgtp"
1563881610720	addons.webextension.screenshots@mozilla.org	WARN	Loading extension 'screenshots@mozilla.org': Reading manifest: Invalid extension permission: mozillaAddons
1563881610721	addons.webextension.screenshots@mozilla.org	WARN	Loading extension 'screenshots@mozilla.org': Reading manifest: Invalid extension permission: telemetry
1563881610721	addons.webextension.screenshots@mozilla.org	WARN	Loading extension 'screenshots@mozilla.org': Reading manifest: Invalid extension permission: resource://pdf.js/
1563881610722	addons.webextension.screenshots@mozilla.org	WARN	Loading extension 'screenshots@mozilla.org': Reading manifest: Invalid extension permission: about:reader*
1563881611189	Marionette	TRACE	Received observer notification profile-after-change
1563881611308	Marionette	TRACE	Received observer notification command-line-startup
1563881611308	Marionette	TRACE	Received observer notification nsPref:changed
1563881611309	Marionette	DEBUG	Init aborted (running=false, enabled=true, finalUIStartup=false)
1563881612819	Marionette	TRACE	Received observer notification toplevel-window-ready
1563881618439	Marionette	TRACE	Received observer notification marionette-startup-requested
1563881618439	Marionette	TRACE	Waiting until startup recorder finished recording startup scripts...
1563881618579	Marionette	TRACE	All scripts recorded.
1563881618579	Marionette	DEBUG	Setting recommended pref app.update.disabledForTesting to true
1563881618580	Marionette	DEBUG	Setting recommended pref apz.content_response_timeout to 60000
1563881618581	Marionette	DEBUG	Setting recommended pref browser.contentblocking.introCount to 99
1563881618581	Marionette	DEBUG	Setting recommended pref browser.download.panel.shown to true
1563881618581	Marionette	DEBUG	Setting recommended pref browser.newtabpage.enabled to false
1563881618583	Marionette	DEBUG	Setting recommended pref browser.pagethumbnails.capturing_disabled to true
1563881618584	Marionette	DEBUG	Setting recommended pref browser.search.update to false
1563881618585	Marionette	DEBUG	Setting recommended pref browser.tabs.disableBackgroundZombification to false
1563881618585	Marionette	DEBUG	Setting recommended pref browser.tabs.remote.separatePrivilegedContentProcess to false
1563881618585	Marionette	DEBUG	Setting recommended pref browser.tabs.unloadOnLowMemory to false
1563881618585	Marionette	DEBUG	Setting recommended pref browser.tabs.warnOnCloseOtherTabs to false
1563881618586	Marionette	DEBUG	Setting recommended pref browser.tabs.warnOnOpen to false
1563881618586	Marionette	DEBUG	Setting recommended pref browser.usedOnWindows10.introURL to 
1563881618586	Marionette	DEBUG	Setting recommended pref browser.urlbar.suggest.searches to false
1563881618588	Marionette	DEBUG	Setting recommended pref datareporting.policy.dataSubmissionPolicyAccepted to false
1563881618589	Marionette	DEBUG	Setting recommended pref dom.disable_beforeunload to true
1563881618590	Marionette	DEBUG	Setting recommended pref dom.disable_open_during_load to false
1563881618590	Marionette	DEBUG	Setting recommended pref dom.file.createInChild to true
1563881618591	Marionette	DEBUG	Setting recommended pref dom.max_chrome_script_run_time to 0
1563881618591	Marionette	DEBUG	Setting recommended pref dom.max_script_run_time to 0
1563881618592	Marionette	DEBUG	Setting recommended pref extensions.getAddons.cache.enabled to false
1563881618593	Marionette	DEBUG	Setting recommended pref extensions.webservice.discoverURL to http://%(server)s/dummy/discoveryURL
1563881618593	Marionette	DEBUG	Setting recommended pref network.http.prompt-temp-redirect to false
1563881618593	Marionette	DEBUG	Setting recommended pref network.http.speculative-parallel-limit to 0
1563881618594	Marionette	DEBUG	Setting recommended pref security.certerrors.mitm.priming.enabled to false
1563881618594	Marionette	DEBUG	Setting recommended pref security.fileuri.strict_origin_policy to false
1563881618594	Marionette	DEBUG	Setting recommended pref security.notification_enable_delay to 0
1563881618595	Marionette	DEBUG	Setting recommended pref signon.autofillForms to false
1563881618595	Marionette	DEBUG	Setting recommended pref signon.rememberSignons to false
1563881618596	Marionette	DEBUG	Setting recommended pref toolkit.cosmeticAnimations.enabled to false
1563881618935	Marionette	INFO	Listening on port 38009
1563881618935	Marionette	DEBUG	Remote service is active
1563881618951	Marionette	DEBUG	Accepted connection 0 from 127.0.0.1:38896
1563881618963	Marionette	DEBUG	0 -> [0,1,"WebDriver:NewSession",{"acceptInsecureCerts":true,"browserName":"firefox","capabilities":{"desiredCapabilities":{"acceptInsecureCerts":true,"browserName":"firefox"}}}]
1563881618964	Marionette	WARN	TLS certificate errors will be ignored for this session
1563881619063	Marionette	TRACE	[4294967297] Frame script loaded
1563881619132	Marionette	TRACE	[4294967297] Frame script registered
1563881619145	Marionette	DEBUG	0 <- [1,1,null,{"sessionId":"16b53bc1-c4c2-4436-a1f9-0bedd6562192","capabilities":{"browserName":"firefox","browserVersion":"68.0" ... alse,"moz:webdriverClick":true,"capabilities":{"desiredCapabilities":{"acceptInsecureCerts":true,"browserName":"firefox"}}}}]
1563881619158	Marionette	DEBUG	0 -> [0,2,"WebDriver:Navigate",{"url":"https://login.gndec.ac.in"}]
1563881619212	Marionette	TRACE	[4294967297] Received DOM event beforeunload for about:blank
1563881620538	Marionette	TRACE	[4294967297] Received DOM event pagehide for about:blank
1563881622337	Marionette	TRACE	[4294967297] Received DOM event DOMContentLoaded for https://login.gndec.ac.in/nebtree/login.php
1563881622364	Marionette	TRACE	[4294967297] Received DOM event pageshow for https://login.gndec.ac.in/nebtree/login.php
1563881622367	Marionette	DEBUG	0 <- [1,2,null,{"value":null}]
1563881622373	Marionette	DEBUG	0 -> [0,3,"WebDriver:FindElement",{"using":"css selector","value":"[id=\"username2\"]"}]
1563881622411	Marionette	DEBUG	0 <- [1,3,null,{"value":{"element-6066-11e4-a52e-4f735466cecf":"d1278ecb-fa72-4466-be2d-80a170a75123"}}]
1563881622415	Marionette	DEBUG	0 -> [0,4,"WebDriver:FindElement",{"using":"css selector","value":"[id=\"cd-Password2\"]"}]
1563881622428	Marionette	DEBUG	0 <- [1,4,null,{"value":{"element-6066-11e4-a52e-4f735466cecf":"04efd225-68d7-418e-bda6-e5b6b5a3fa30"}}]
1563881622432	Marionette	DEBUG	0 -> [0,5,"WebDriver:FindElement",{"using":"css selector","value":".pull-left"}]
1563881622446	Marionette	DEBUG	0 <- [1,5,null,{"value":{"element-6066-11e4-a52e-4f735466cecf":"b8a7e791-34c1-42dc-8591-3512785e903d"}}]
1563881622451	Marionette	DEBUG	0 -> [0,6,"WebDriver:ElementSendKeys",{"id":"d1278ecb-fa72-4466-be2d-80a170a75123","text":"155371","value":["1","5","5","3","7","1"]}]
1563881622524	Marionette	DEBUG	0 <- [1,6,null,{"value":null}]
1563881622587	Marionette	DEBUG	0 -> [0,7,"WebDriver:ElementSendKeys",{"id":"04efd225-68d7-418e-bda6-e5b6b5a3fa30","text":"2923","value":["2","9","2","3"]}]
1563881622701	Marionette	DEBUG	0 <- [1,7,null,{"value":null}]
1563881622704	Marionette	DEBUG	0 -> [0,8,"WebDriver:ElementClick",{"id":"b8a7e791-34c1-42dc-8591-3512785e903d"}]
1563881622773	Marionette	TRACE	[4294967297] Received DOM event beforeunload for https://login.gndec.ac.in/nebtree/login.php
1563881622825	Marionette	TRACE	[4294967297] Received DOM event pagehide for https://login.gndec.ac.in/nebtree/login.php
1563881622832	Marionette	TRACE	[4294967297] Received DOM event unload for https://login.gndec.ac.in/nebtree/login.php
1563881623795	Marionette	TRACE	[4294967297] Received DOM event DOMContentLoaded for https://login.gndec.ac.in/nebtree/login.php
1563881623819	Marionette	TRACE	[4294967297] Received DOM event pageshow for https://login.gndec.ac.in/nebtree/login.php
1563881623822	Marionette	DEBUG	0 <- [1,8,null,{"value":null}]
1563881623849	Marionette	DEBUG	0 -> [0,9,"WebDriver:FindElement",{"using":"css selector","value":".pull-left"}]
1563881623861	Marionette	DEBUG	0 <- [1,9,null,{"value":{"element-6066-11e4-a52e-4f735466cecf":"0036db9e-aee0-4e35-b4cb-d699f2187a0e"}}]
1563881623884	Marionette	DEBUG	0 -> [0,10,"WebDriver:ElementClick",{"id":"0036db9e-aee0-4e35-b4cb-d699f2187a0e"}]
1563881623924	Marionette	TRACE	[4294967297] Received DOM event beforeunload for https://login.gndec.ac.in/nebtree/login.php
1563881624051	Marionette	TRACE	[4294967297] Received DOM event pagehide for https://login.gndec.ac.in/nebtree/login.php
1563881624061	Marionette	TRACE	[4294967297] Received DOM event unload for https://login.gndec.ac.in/nebtree/login.php
1563881624498	Marionette	TRACE	[4294967297] Received DOM event DOMContentLoaded for https://login.gndec.ac.in/nebtree/index.php
1563881624590	Marionette	TRACE	[4294967297] Received DOM event pageshow for https://login.gndec.ac.in/nebtree/index.php
1563881624601	Marionette	DEBUG	0 <- [1,10,null,{"value":null}]
1563881624666	Marionette	DEBUG	0 -> [0,11,"WebDriver:CloseWindow",{}]
1563881624682	Marionette	DEBUG	0 <- [1,11,null,[]]
1563881624723	Marionette	DEBUG	0 -> [0,12,"Marionette:Quit",{"flags":["eForceQuit"]}]
1563881624728	Marionette	INFO	Stopped listening on port 38009
1563881624951	Marionette	TRACE	Received observer notification quit-application
1563881624970	Marionette	DEBUG	0 <- [1,12,null,{"cause":"shutdown"}]
1563881625129	Marionette	DEBUG	Closed connection 0
1563881629653	Marionette	TRACE	Received observer notification xpcom-will-shutdown
1563881629654	Marionette	DEBUG	Resetting recommended pref app.update.disabledForTesting
1563881629654	Marionette	DEBUG	Resetting recommended pref apz.content_response_timeout
1563881629654	Marionette	DEBUG	Resetting recommended pref browser.contentblocking.introCount
1563881629654	Marionette	DEBUG	Resetting recommended pref browser.download.panel.shown
1563881629654	Marionette	DEBUG	Resetting recommended pref browser.newtabpage.enabled
1563881629655	Marionette	DEBUG	Resetting recommended pref browser.pagethumbnails.capturing_disabled
1563881629655	Marionette	DEBUG	Resetting recommended pref browser.search.update
1563881629655	Marionette	DEBUG	Resetting recommended pref browser.tabs.disableBackgroundZombification
1563881629655	Marionette	DEBUG	Resetting recommended pref browser.tabs.remote.separatePrivilegedContentProcess
1563881629656	Marionette	DEBUG	Resetting recommended pref browser.tabs.unloadOnLowMemory
1563881629656	Marionette	DEBUG	Resetting recommended pref browser.tabs.warnOnCloseOtherTabs
1563881629656	Marionette	DEBUG	Resetting recommended pref browser.tabs.warnOnOpen
1563881629656	Marionette	DEBUG	Resetting recommended pref browser.usedOnWindows10.introURL
1563881629656	Marionette	DEBUG	Resetting recommended pref browser.urlbar.suggest.searches
1563881629657	Marionette	DEBUG	Resetting recommended pref datareporting.policy.dataSubmissionPolicyAccepted
1563881629657	Marionette	DEBUG	Resetting recommended pref dom.disable_beforeunload
1563881629657	Marionette	DEBUG	Resetting recommended pref dom.disable_open_during_load
1563881629657	Marionette	DEBUG	Resetting recommended pref dom.file.createInChild
1563881629658	Marionette	DEBUG	Resetting recommended pref dom.max_chrome_script_run_time
1563881629658	Marionette	DEBUG	Resetting recommended pref dom.max_script_run_time
1563881629658	Marionette	DEBUG	Resetting recommended pref extensions.getAddons.cache.enabled
1563881629658	Marionette	DEBUG	Resetting recommended pref extensions.webservice.discoverURL
1563881629659	Marionette	DEBUG	Resetting recommended pref network.http.prompt-temp-redirect
1563881629659	Marionette	DEBUG	Resetting recommended pref network.http.speculative-parallel-limit
1563881629659	Marionette	DEBUG	Resetting recommended pref security.certerrors.mitm.priming.enabled
1563881629659	Marionette	DEBUG	Resetting recommended pref security.fileuri.strict_origin_policy
1563881629659	Marionette	DEBUG	Resetting recommended pref security.notification_enable_delay
1563881629659	Marionette	DEBUG	Resetting recommended pref signon.autofillForms
1563881629659	Marionette	DEBUG	Resetting recommended pref signon.rememberSignons
1563881629660	Marionette	DEBUG	Resetting recommended pref toolkit.cosmeticAnimations.enabled
1563881629667	Marionette	DEBUG	Remote service is inactive
